<?xml version="1.0" encoding="utf-8"?><testsuites><testsuite name="pytest" errors="0" failures="0" skipped="0" tests="5" time="10.263" timestamp="2022-02-22T22:38:26.505119" hostname="LAPTOP-I93T0FFI"><testcase classname="test_py" name="test_create_database" time="5.784" /><testcase classname="test_py" name="test_clients" time="0.004" /><testcase classname="test_py" name="test_orders" time="0.003" /><testcase classname="test_py" name="test_sum_clients" time="1.411" /><testcase classname="test_py" name="test_sum_orders" time="0.006" /></testsuite></testsuites>